2025-08-17 05:43:12,677 - WARNING - pandas_ta not available - some indicators may not work
2025-08-17 05:43:12,678 - WARNING - pandas_ta not available - some indicators may not work
2025-08-17 05:43:22,782 - INFO - Binance exchange initialized successfully
2025-08-17 05:43:22,794 - INFO - Enhanced Signal Bot initialized successfully
2025-08-17 05:43:22,795 - INFO - Starting Enhanced Trading Signal Bot for Michael Joshua Tayam
2025-08-17 05:46:45,629 - WARNING - pandas_ta not available - some indicators may not work
2025-08-17 05:46:55,699 - INFO - Binance exchange initialized successfully
2025-08-17 05:46:55,699 - INFO - Enhanced Signal Bot initialized successfully
2025-08-17 05:46:55,699 - INFO - Starting Enhanced Trading Signal Bot - Admin: Trading Bot Admin
2025-08-17 05:49:12,901 - WARNING - pandas_ta not available - some indicators may not work
2025-08-17 05:49:23,125 - INFO - Binance exchange initialized successfully
2025-08-17 05:49:23,127 - INFO - Enhanced Signal Bot initialized successfully
2025-08-17 05:49:23,129 - INFO - Starting Enhanced Trading Signal Bot - Admin: Trading Bot Admin
2025-08-17 05:52:32,305 - WARNING - pandas_ta not available - some indicators may not work
2025-08-17 05:52:42,625 - INFO - Binance exchange initialized successfully
2025-08-17 05:52:42,625 - INFO - Enhanced Signal Bot initialized successfully
2025-08-17 05:52:42,625 - INFO - Starting Enhanced Trading Signal Bot - Admin: Trading Bot Admin
2025-08-17 05:55:04,326 - WARNING - pandas_ta not available - some indicators may not work
2025-08-17 05:55:14,497 - INFO - Binance exchange initialized successfully
2025-08-17 05:55:14,497 - INFO - Enhanced Signal Bot initialized successfully
2025-08-17 05:55:14,498 - INFO - Starting Enhanced Trading Signal Bot - Admin: Trading Bot Admin
2025-08-17 06:00:03,822 - WARNING - pandas_ta not available - some indicators may not work
2025-08-17 06:00:13,971 - INFO - Binance exchange initialized successfully
2025-08-17 06:00:13,972 - INFO - Enhanced Signal Bot initialized successfully
2025-08-17 06:00:13,972 - INFO - Starting Enhanced Trading Signal Bot - Admin: Trading Bot Admin
2025-08-17 06:00:13,973 - INFO - Automated market scan triggered
2025-08-17 06:00:13,973 - INFO - Starting market scan for trading opportunities...
2025-08-17 06:00:29,481 - ERROR - Error getting price for MATICUSDT: float() argument must be a string or a real number, not 'NoneType'
2025-08-17 06:00:29,481 - ERROR - Error in symbol analysis for MATICUSDT: float() argument must be a string or a real number, not 'NoneType'
2025-08-17 06:00:32,634 - INFO - Found 3 high-probability signals
2025-08-17 06:00:36,403 - INFO - Signal #1 processed and sent: LINKUSDT BUY
2025-08-17 06:00:41,961 - INFO - Signal #2 processed and sent: SOLUSDT BUY
2025-08-17 06:00:47,525 - INFO - Signal #3 processed and sent: ADAUSDT BUY
2025-08-17 06:05:53,118 - WARNING - pandas_ta not available - some indicators may not work
2025-08-17 06:06:03,375 - INFO - Binance exchange initialized successfully
2025-08-17 06:06:03,376 - INFO - Enhanced Signal Bot initialized successfully
2025-08-17 06:06:03,376 - INFO - Starting Enhanced Trading Signal Bot - Admin: Trading Bot Admin
2025-08-17 06:20:14,059 - WARNING - pandas_ta not available - some indicators may not work
2025-08-17 06:20:24,165 - INFO - Binance exchange initialized successfully
2025-08-17 06:20:24,166 - INFO - Enhanced Signal Bot initialized successfully
2025-08-17 06:20:24,166 - INFO - Starting Enhanced Trading Signal Bot - Admin: Trading Bot Admin
2025-08-17 06:21:15,445 - WARNING - pandas_ta not available - some indicators may not work
2025-08-17 06:21:25,594 - INFO - Binance exchange initialized successfully
2025-08-17 06:21:25,594 - INFO - Enhanced Signal Bot initialized successfully
2025-08-17 06:21:25,594 - INFO - Starting Enhanced Trading Signal Bot - Admin: Trading Bot Admin
2025-08-17 06:43:45,655 - WARNING - pandas_ta not available - some indicators may not work
2025-08-17 06:43:55,627 - INFO - Binance exchange initialized successfully
2025-08-17 06:43:55,627 - INFO - Enhanced Signal Bot initialized with Binance API
2025-08-17 06:43:55,627 - INFO - Starting Enhanced Trading Signal Bot - Admin: Trading Bot Admin
2025-08-17 06:45:00,759 - INFO - Automated market scan triggered
2025-08-17 06:45:00,759 - INFO - Starting market scan for trading opportunities...
2025-08-17 06:45:16,135 - ERROR - Error getting price for MATICUSDT: float() argument must be a string or a real number, not 'NoneType'
2025-08-17 06:45:16,136 - ERROR - Error in symbol analysis for MATICUSDT: float() argument must be a string or a real number, not 'NoneType'
2025-08-17 06:45:19,183 - INFO - Found 3 high-probability signals
2025-08-17 06:45:22,896 - INFO - Signal #1 processed and sent: LINKUSDT BUY
2025-08-17 06:45:28,396 - INFO - Signal #2 processed and sent: ADAUSDT BUY
2025-08-17 06:45:33,936 - INFO - Signal #3 processed and sent: SOLUSDT BUY
2025-08-17 06:48:22,876 - WARNING - pandas_ta not available - some indicators may not work
2025-08-17 06:48:32,893 - INFO - Binance exchange initialized successfully
2025-08-17 06:48:32,893 - INFO - Enhanced Signal Bot initialized with Binance API
2025-08-17 06:48:32,894 - INFO - Starting Enhanced Trading Signal Bot - Admin: Trading Bot Admin
2025-08-17 06:50:14,423 - INFO - Automated market scan triggered
2025-08-17 06:50:14,423 - INFO - Starting market scan for trading opportunities...
2025-08-17 06:50:28,776 - ERROR - Error getting price for MATICUSDT: float() argument must be a string or a real number, not 'NoneType'
2025-08-17 06:50:28,776 - ERROR - Error in symbol analysis for MATICUSDT: float() argument must be a string or a real number, not 'NoneType'
2025-08-17 06:50:31,789 - INFO - Found 3 high-probability signals
2025-08-17 06:50:35,519 - INFO - Signal #1 processed and sent: LINKUSDT BUY
2025-08-17 06:50:41,063 - INFO - Signal #2 processed and sent: ADAUSDT BUY
2025-08-17 06:50:46,618 - INFO - Signal #3 processed and sent: SOLUSDT BUY
2025-08-17 06:55:53,123 - WARNING - pandas_ta not available - some indicators may not work
2025-08-17 06:56:03,335 - INFO - Binance exchange initialized successfully
2025-08-17 06:56:03,336 - INFO - Enhanced Signal Bot initialized with Binance API
2025-08-17 06:56:03,336 - INFO - Starting Enhanced Trading Signal Bot - Admin: Trading Bot Admin
2025-08-17 07:01:57,198 - WARNING - pandas_ta not available - some indicators may not work
2025-08-17 07:02:07,273 - INFO - Binance exchange initialized successfully
2025-08-17 07:02:07,274 - INFO - Enhanced Signal Bot initialized with Binance API
2025-08-17 07:02:07,275 - INFO - Starting Enhanced Trading Signal Bot - Admin: Trading Bot Admin
2025-08-17 07:05:26,126 - INFO - Automated market scan triggered
2025-08-17 07:05:26,126 - INFO - Starting market scan for trading opportunities...
2025-08-17 07:05:26,126 - INFO - Analyzing BTCUSDT...
2025-08-17 07:05:29,657 - INFO - Analyzing ETHUSDT...
2025-08-17 07:05:32,147 - INFO - Analyzing ADAUSDT...
2025-08-17 07:05:34,634 - INFO - Analyzing SOLUSDT...
2025-08-17 07:05:37,128 - INFO - Analyzing MATICUSDT...
2025-08-17 07:05:37,742 - WARNING - No price data available for MATICUSDT
2025-08-17 07:05:37,742 - WARNING - Invalid price for MATICUSDT: 0.0
2025-08-17 07:05:37,742 - INFO - Analyzing LINKUSDT...
2025-08-17 07:05:40,881 - INFO - Found 1 high-probability signals
2025-08-17 07:05:44,483 - INFO - Signal #1 processed and sent: BTCUSDT SELL
2025-08-17 07:10:17,862 - INFO - Automated market scan triggered
2025-08-17 07:10:17,862 - INFO - Starting market scan for trading opportunities...
2025-08-17 07:10:17,862 - INFO - Analyzing BTCUSDT...
2025-08-17 07:10:20,921 - INFO - Analyzing ETHUSDT...
2025-08-17 07:10:23,406 - INFO - Analyzing ADAUSDT...
2025-08-17 07:10:25,910 - INFO - Analyzing SOLUSDT...
2025-08-17 07:10:28,395 - INFO - Analyzing MATICUSDT...
2025-08-17 07:10:29,010 - WARNING - No price data available for MATICUSDT
2025-08-17 07:10:29,010 - WARNING - Invalid price for MATICUSDT: 0.0
2025-08-17 07:10:29,010 - INFO - Analyzing LINKUSDT...
2025-08-17 07:10:32,088 - INFO - Found 1 high-probability signals
2025-08-17 07:10:35,944 - INFO - Signal #2 processed and sent: BTCUSDT BUY
2025-08-17 07:15:29,316 - INFO - Automated market scan triggered
2025-08-17 07:15:29,316 - INFO - Starting market scan for trading opportunities...
2025-08-17 07:15:29,316 - INFO - Analyzing BTCUSDT...
2025-08-17 07:15:32,567 - INFO - Analyzing ETHUSDT...
2025-08-17 07:15:35,068 - INFO - Analyzing ADAUSDT...
2025-08-17 07:15:37,556 - INFO - Analyzing SOLUSDT...
2025-08-17 07:15:40,053 - INFO - Analyzing MATICUSDT...
2025-08-17 07:15:40,667 - WARNING - No price data available for MATICUSDT
2025-08-17 07:15:40,667 - WARNING - Invalid price for MATICUSDT: 0.0
2025-08-17 07:15:40,667 - INFO - Analyzing LINKUSDT...
2025-08-17 07:15:43,748 - INFO - Found 1 high-probability signals
2025-08-17 07:15:47,592 - INFO - Signal #3 processed and sent: BTCUSDT BUY
2025-08-17 07:17:04,145 - WARNING - pandas_ta not available - some indicators may not work
2025-08-17 07:17:13,717 - WARNING - pandas_ta not available - some indicators may not work
2025-08-17 07:17:14,545 - INFO - Binance exchange initialized successfully
2025-08-17 07:17:14,545 - INFO - Enhanced Signal Bot initialized with Binance API
2025-08-17 07:17:14,545 - INFO - Starting Enhanced Trading Signal Bot - Admin: Trading Bot Admin
2025-08-17 07:17:23,955 - INFO - Binance exchange initialized successfully
2025-08-17 07:17:23,955 - INFO - Enhanced Signal Bot initialized with Binance API
2025-08-17 07:17:23,956 - INFO - Starting Enhanced Trading Signal Bot - Admin: Trading Bot Admin
2025-08-17 07:20:04,297 - INFO - Automated market scan triggered
2025-08-17 07:20:04,297 - INFO - Starting market scan for trading opportunities...
2025-08-17 07:20:04,298 - INFO - Analyzing BTCUSDT...
2025-08-17 07:20:08,187 - INFO - Analyzing ETHUSDT...
2025-08-17 07:20:10,683 - INFO - Analyzing ADAUSDT...
2025-08-17 07:20:13,173 - INFO - Analyzing SOLUSDT...
2025-08-17 07:20:15,673 - INFO - Analyzing MATICUSDT...
2025-08-17 07:20:16,287 - WARNING - No price data available for MATICUSDT
2025-08-17 07:20:16,287 - WARNING - Invalid price for MATICUSDT: 0.0
2025-08-17 07:20:16,287 - INFO - Analyzing LINKUSDT...
2025-08-17 07:20:19,388 - INFO - Found 1 high-probability signals
2025-08-17 07:20:22,470 - INFO - Automated market scan triggered
2025-08-17 07:20:22,471 - INFO - Starting market scan for trading opportunities...
2025-08-17 07:20:22,471 - INFO - Analyzing BTCUSDT...
2025-08-17 07:20:23,245 - INFO - Signal #1 processed and sent: BTCUSDT BUY
2025-08-17 07:20:26,468 - INFO - Analyzing ETHUSDT...
2025-08-17 07:20:28,977 - INFO - Analyzing ADAUSDT...
2025-08-17 07:20:31,463 - INFO - Analyzing SOLUSDT...
2025-08-17 07:20:33,960 - INFO - Analyzing MATICUSDT...
2025-08-17 07:20:34,581 - WARNING - No price data available for MATICUSDT
2025-08-17 07:20:34,581 - WARNING - Invalid price for MATICUSDT: 0.0
2025-08-17 07:20:34,581 - INFO - Analyzing LINKUSDT...
2025-08-17 07:20:37,734 - INFO - Found 1 high-probability signals
2025-08-17 07:20:41,607 - INFO - Signal #1 processed and sent: BTCUSDT BUY
2025-08-17 07:21:45,702 - INFO - Starting market scan for trading opportunities...
2025-08-17 07:21:45,702 - INFO - Analyzing BTCUSDT...
2025-08-17 07:21:48,765 - INFO - Analyzing ETHUSDT...
2025-08-17 07:21:50,114 - INFO - Starting market scan for trading opportunities...
2025-08-17 07:21:50,114 - INFO - Analyzing BTCUSDT...
2025-08-17 07:21:51,247 - INFO - Analyzing ADAUSDT...
2025-08-17 07:21:53,201 - INFO - Analyzing ETHUSDT...
2025-08-17 07:21:53,736 - INFO - Analyzing SOLUSDT...
2025-08-17 07:21:55,695 - INFO - Analyzing ADAUSDT...
2025-08-17 07:21:56,220 - INFO - Analyzing MATICUSDT...
2025-08-17 07:21:56,834 - WARNING - No price data available for MATICUSDT
2025-08-17 07:21:56,834 - WARNING - Invalid price for MATICUSDT: 0.0
2025-08-17 07:21:56,834 - INFO - Analyzing LINKUSDT...
2025-08-17 07:21:58,196 - INFO - Analyzing SOLUSDT...
2025-08-17 07:22:00,018 - INFO - Found 1 high-probability signals
2025-08-17 07:22:00,691 - INFO - Analyzing MATICUSDT...
2025-08-17 07:22:01,304 - WARNING - No price data available for MATICUSDT
2025-08-17 07:22:01,305 - WARNING - Invalid price for MATICUSDT: 0.0
2025-08-17 07:22:01,306 - INFO - Analyzing LINKUSDT...
2025-08-17 07:22:04,001 - INFO - Signal #2 processed and sent: BTCUSDT BUY
2025-08-17 07:22:04,347 - INFO - Found 1 high-probability signals
2025-08-17 07:22:08,209 - INFO - Signal #2 processed and sent: BTCUSDT BUY
2025-08-17 07:25:01,727 - INFO - Automated market scan triggered
2025-08-17 07:25:01,727 - INFO - Starting market scan for trading opportunities...
2025-08-17 07:25:01,727 - INFO - Analyzing BTCUSDT...
2025-08-17 07:25:04,955 - INFO - Analyzing ETHUSDT...
2025-08-17 07:25:07,440 - INFO - Analyzing ADAUSDT...
2025-08-17 07:25:09,932 - INFO - Analyzing SOLUSDT...
2025-08-17 07:25:12,423 - INFO - Analyzing MATICUSDT...
2025-08-17 07:25:13,036 - WARNING - No price data available for MATICUSDT
2025-08-17 07:25:13,036 - WARNING - Invalid price for MATICUSDT: 0.0
2025-08-17 07:25:13,037 - INFO - Analyzing LINKUSDT...
2025-08-17 07:25:16,104 - INFO - Found 1 high-probability signals
2025-08-17 07:25:19,978 - INFO - Signal #3 processed and sent: BTCUSDT BUY
2025-08-17 07:25:24,535 - INFO - Automated market scan triggered
2025-08-17 07:25:24,535 - INFO - Starting market scan for trading opportunities...
2025-08-17 07:25:24,535 - INFO - Analyzing BTCUSDT...
2025-08-17 07:25:27,838 - INFO - Analyzing ETHUSDT...
2025-08-17 07:25:30,577 - INFO - Analyzing ADAUSDT...
2025-08-17 07:25:33,055 - INFO - Analyzing SOLUSDT...
2025-08-17 07:25:35,808 - INFO - Analyzing MATICUSDT...
2025-08-17 07:25:36,421 - WARNING - No price data available for MATICUSDT
2025-08-17 07:25:36,423 - WARNING - Invalid price for MATICUSDT: 0.0
2025-08-17 07:25:36,423 - INFO - Analyzing LINKUSDT...
2025-08-17 07:25:39,436 - INFO - Found 1 high-probability signals
2025-08-17 07:25:43,153 - INFO - Signal #3 processed and sent: BTCUSDT BUY
2025-08-17 07:30:04,811 - INFO - Automated market scan triggered
2025-08-17 07:30:04,811 - INFO - Starting market scan for trading opportunities...
2025-08-17 07:30:04,812 - INFO - Analyzing BTCUSDT...
2025-08-17 07:30:07,859 - INFO - Analyzing ETHUSDT...
2025-08-17 07:30:10,356 - INFO - Analyzing ADAUSDT...
2025-08-17 07:30:12,836 - INFO - Analyzing SOLUSDT...
2025-08-17 07:30:15,341 - INFO - Analyzing MATICUSDT...
2025-08-17 07:30:15,956 - WARNING - No price data available for MATICUSDT
2025-08-17 07:30:15,956 - WARNING - Invalid price for MATICUSDT: 0.0
2025-08-17 07:30:15,956 - INFO - Analyzing LINKUSDT...
2025-08-17 07:30:19,145 - INFO - Found 1 high-probability signals
2025-08-17 07:30:22,992 - INFO - Signal #4 processed and sent: BTCUSDT BUY
2025-08-17 07:30:27,557 - INFO - Automated market scan triggered
2025-08-17 07:30:27,557 - INFO - Starting market scan for trading opportunities...
2025-08-17 07:30:27,557 - INFO - Analyzing BTCUSDT...
2025-08-17 07:30:30,704 - INFO - Analyzing ETHUSDT...
2025-08-17 07:30:33,194 - INFO - Analyzing ADAUSDT...
2025-08-17 07:30:36,194 - INFO - Analyzing SOLUSDT...
2025-08-17 07:30:38,924 - INFO - Analyzing MATICUSDT...
2025-08-17 07:30:39,535 - WARNING - No price data available for MATICUSDT
2025-08-17 07:30:39,536 - WARNING - Invalid price for MATICUSDT: 0.0
2025-08-17 07:30:39,536 - INFO - Analyzing LINKUSDT...
2025-08-17 07:30:42,537 - INFO - Found 1 high-probability signals
2025-08-17 07:30:46,133 - INFO - Signal #4 processed and sent: BTCUSDT BUY
2025-08-17 07:35:02,301 - INFO - Automated market scan triggered
2025-08-17 07:35:02,301 - INFO - Starting market scan for trading opportunities...
2025-08-17 07:35:02,301 - INFO - Analyzing BTCUSDT...
2025-08-17 07:35:05,489 - INFO - Analyzing ETHUSDT...
2025-08-17 07:35:07,987 - INFO - Analyzing ADAUSDT...
2025-08-17 07:35:10,472 - INFO - Analyzing SOLUSDT...
2025-08-17 07:35:12,965 - INFO - Analyzing MATICUSDT...
2025-08-17 07:35:13,581 - WARNING - No price data available for MATICUSDT
2025-08-17 07:35:13,581 - WARNING - Invalid price for MATICUSDT: 0.0
2025-08-17 07:35:13,581 - INFO - Analyzing LINKUSDT...
2025-08-17 07:35:16,608 - INFO - Found 1 high-probability signals
2025-08-17 07:35:20,469 - INFO - Signal #5 processed and sent: BTCUSDT BUY
2025-08-17 07:35:25,024 - INFO - Automated market scan triggered
2025-08-17 07:35:25,025 - INFO - Starting market scan for trading opportunities...
2025-08-17 07:35:25,025 - INFO - Analyzing BTCUSDT...
2025-08-17 07:35:28,108 - INFO - Analyzing ETHUSDT...
2025-08-17 07:35:30,603 - INFO - Analyzing ADAUSDT...
2025-08-17 07:35:33,097 - INFO - Analyzing SOLUSDT...
2025-08-17 07:35:35,581 - INFO - Analyzing MATICUSDT...
2025-08-17 07:35:36,202 - WARNING - No price data available for MATICUSDT
2025-08-17 07:35:36,202 - WARNING - Invalid price for MATICUSDT: 0.0
2025-08-17 07:35:36,202 - INFO - Analyzing LINKUSDT...
2025-08-17 07:35:39,222 - INFO - Found 1 high-probability signals
2025-08-17 07:35:43,061 - INFO - Signal #5 processed and sent: BTCUSDT BUY
2025-08-17 07:40:04,783 - INFO - Automated market scan triggered
2025-08-17 07:40:04,783 - INFO - Starting market scan for trading opportunities...
2025-08-17 07:40:04,783 - INFO - Analyzing BTCUSDT...
2025-08-17 07:40:08,064 - INFO - Analyzing ETHUSDT...
2025-08-17 07:40:10,567 - INFO - Analyzing ADAUSDT...
2025-08-17 07:40:13,054 - INFO - Analyzing SOLUSDT...
2025-08-17 07:40:15,545 - INFO - Analyzing MATICUSDT...
2025-08-17 07:40:16,162 - WARNING - No price data available for MATICUSDT
2025-08-17 07:40:16,163 - WARNING - Invalid price for MATICUSDT: 0.0
2025-08-17 07:40:16,163 - INFO - Analyzing LINKUSDT...
2025-08-17 07:40:19,375 - INFO - Found 1 high-probability signals
2025-08-17 07:40:23,225 - INFO - Signal #6 processed and sent: BTCUSDT BUY
2025-08-17 07:40:27,791 - INFO - Automated market scan triggered
2025-08-17 07:40:27,792 - INFO - Starting market scan for trading opportunities...
2025-08-17 07:40:27,792 - INFO - Analyzing BTCUSDT...
2025-08-17 07:40:30,990 - INFO - Analyzing ETHUSDT...
2025-08-17 07:40:33,474 - INFO - Analyzing ADAUSDT...
2025-08-17 07:40:35,951 - INFO - Analyzing SOLUSDT...
2025-08-17 07:40:38,438 - INFO - Analyzing MATICUSDT...
2025-08-17 07:40:39,053 - WARNING - No price data available for MATICUSDT
2025-08-17 07:40:39,054 - WARNING - Invalid price for MATICUSDT: 0.0
2025-08-17 07:40:39,054 - INFO - Analyzing LINKUSDT...
2025-08-17 07:40:42,370 - INFO - Found 1 high-probability signals
2025-08-17 07:40:45,945 - INFO - Signal #6 processed and sent: BTCUSDT BUY
